0 info it worked if it ends with ok
1 verbose cli [ '/usr/local/bin/node', '/usr/local/bin/npm', 'run', 'prepare' ]
2 info using npm@1.4.28
3 info using node@v0.10.37
4 verbose run-script [ 'prepare' ]
5 info prepare shower@2.1.1
6 verbose unsafe-perm in lifecycle true
7 info shower@2.1.1 Failed to exec prepare script
8 error shower@2.1.1 prepare: `gulp prepare`
8 error Exit status 8
9 error Failed at the shower@2.1.1 prepare script.
9 error This is most likely a problem with the shower package,
9 error not with npm itself.
9 error Tell the author that this fails on your system:
9 error     gulp prepare
9 error You can get their info via:
9 error     npm owner ls shower
9 error There is likely additional logging output above.
10 error System Linux 3.19.0-49-generic
11 error command "/usr/local/bin/node" "/usr/local/bin/npm" "run" "prepare"
12 error cwd /home/rakchaev/job/projects/jsconfbp2016
13 error node -v v0.10.37
14 error npm -v 1.4.28
15 error code ELIFECYCLE
16 verbose exit [ 1, true ]
